Using pre-set license
Built from '2020.3/release' branch; Version is '2020.3.2f1 (8fd9074bf66c) revision 9427207'; Using compiler version '192528614'; Build Type 'Release'
OS: 'Windows 10 Home; OS build 19042.985; Version 2009; 64bit' Language: 'ru' Physical Memory: 16304 MB
BatchMode: 1, IsHumanControllingUs: 0, StartBugReporterOnCrash: 0, Is64bit: 1, IsPro: 0

 COMMAND LINE ARGUMENTS:
C:\Program Files\Unity\Hub\Editor\2020.3.2f1\Editor\Unity.exe
-adb2
-batchMode
-noUpm
-name
AssetImportWorker0
-projectPath
C:/Users/User/Desktop/Unity proj/Recreated_AI
-logFile
Logs/AssetImportWorker0.log
-srvPort
52200
Successfully changed project path to: C:/Users/User/Desktop/Unity proj/Recreated_AI
C:/Users/User/Desktop/Unity proj/Recreated_AI
Using Asset Import Pipeline V2.
Refreshing native plugins compatible for Editor in 28.18 ms, found 0 plugins.
Preloading 0 native plugins for Editor in 0.00 ms.
Initialize engine version: 2020.3.2f1 (8fd9074bf66c)
[Subsystems] Discovering subsystems at path C:/Program Files/Unity/Hub/Editor/2020.3.2f1/Editor/Data/Resources/UnitySubsystems
[Subsystems] Discovering subsystems at path C:/Users/User/Desktop/Unity proj/Recreated_AI/Assets
GfxDevice: creating device client; threaded=0
Direct3D:
    Version:  Direct3D 11.0 [level 11.1]
    Renderer: NVIDIA GeForce GTX 1650 (ID=0x1f91)
    Vendor:   
    VRAM:     3962 MB
    Driver:   27.21.14.5206
Initialize mono
Mono path[0] = 'C:/Program Files/Unity/Hub/Editor/2020.3.2f1/Editor/Data/Managed'
Mono path[1] = 'C:/Program Files/Unity/Hub/Editor/2020.3.2f1/Editor/Data/MonoBleedingEdge/lib/mono/unityjit'
Mono config path = 'C:/Program Files/Unity/Hub/Editor/2020.3.2f1/Editor/Data/MonoBleedingEdge/etc'
Using monoOptions --debugger-agent=transport=dt_socket,embedding=1,server=y,suspend=n,address=127.0.0.1:56840
Begin MonoManager ReloadAssembly
Registering precompiled unity dll's ...
Register platform support module: C:/Program Files/Unity/Hub/Editor/2020.3.2f1/Editor/Data/PlaybackEngines/WebGLSupport/UnityEditor.WebGL.Extensions.dll
Register platform support module: C:/Program Files/Unity/Hub/Editor/2020.3.2f1/Editor/Data/PlaybackEngines/WindowsStandaloneSupport/UnityEditor.WindowsStandalone.Extensions.dll
Registered in 0.001362 seconds.
Native extension for WindowsStandalone target not found
Native extension for WebGL target not found
Refreshing native plugins compatible for Editor in 28.07 ms, found 0 plugins.
Preloading 0 native plugins for Editor in 0.00 ms.
Invoked RoslynAnalysisRunner static constructor.
RoslynAnalysisRunner will not be running.
RoslynAnalysisRunner has terminated.
Mono: successfully reloaded assembly
- Completed reload, in  1.349 seconds
Platform modules already initialized, skipping
Registering precompiled user dll's ...
Registered in 0.001622 seconds.
Begin MonoManager ReloadAssembly
Native extension for WindowsStandalone target not found
Native extension for WebGL target not found
Refreshing native plugins compatible for Editor in 0.19 ms, found 0 plugins.
Preloading 0 native plugins for Editor in 0.00 ms.
Invoked RoslynAnalysisRunner static constructor.
RoslynAnalysisRunner will not be running.
RoslynAnalysisRunner has terminated.
Mono: successfully reloaded assembly
- Completed reload, in  0.874 seconds
Platform modules already initialized, skipping
========================================================================
Worker process is ready to serve import requests
Launched and connected shader compiler UnityShaderCompiler.exe after 0.04 seconds
Refreshing native plugins compatible for Editor in 0.19 ms, found 0 plugins.
Preloading 0 native plugins for Editor in 0.00 ms.
Unloading 1130 Unused Serialized files (Serialized files now loaded: 0)
System memory in use before: 57.7 MB.
System memory in use after: 57.7 MB.

Unloading 10 unused Assets to reduce memory usage. Loaded Objects now: 1573.
Total: 1.520700 ms (FindLiveObjects: 0.199900 ms CreateObjectMapping: 0.066700 ms MarkObjects: 1.191000 ms  DeleteObjects: 0.061800 ms)

========================================================================
Received Import Request.
  path: Assets/Scripts/Enemy/AmbushState.cs
  artifactKey: Guid(7702f86937bd0f443bb22d6dad28dd7f) Importer(815301076,1909f56bfc062723c751e8b465ee728b)
Start importing Assets/Scripts/Enemy/AmbushState.cs using Guid(7702f86937bd0f443bb22d6dad28dd7f) Importer(815301076,1909f56bfc062723c751e8b465ee728b)  -> (artifact id: '057ebac0efb08bbe6b55048cf4998997') in 0.020479 seconds
  Import took 0.027551 seconds .

========================================================================
Received Import Request.
  Time since last request: 0.002163 seconds.
  path: Assets/Scripts/Enemy/AmbushState.cs
  artifactKey: Guid(7702f86937bd0f443bb22d6dad28dd7f) Importer(815301076,1909f56bfc062723c751e8b465ee728b)
Start importing Assets/Scripts/Enemy/AmbushState.cs using Guid(7702f86937bd0f443bb22d6dad28dd7f) Importer(815301076,1909f56bfc062723c751e8b465ee728b)  -> (artifact id: '057ebac0efb08bbe6b55048cf4998997') in 0.002798 seconds
  Import took 0.004858 seconds .

========================================================================
Received Import Request.
  Time since last request: 6342.135975 seconds.
  path: Assets/Scripts/Enemy/AmbushState.cs
  artifactKey: Guid(7702f86937bd0f443bb22d6dad28dd7f) Importer(815301076,1909f56bfc062723c751e8b465ee728b)
Start importing Assets/Scripts/Enemy/AmbushState.cs using Guid(7702f86937bd0f443bb22d6dad28dd7f) Importer(815301076,1909f56bfc062723c751e8b465ee728b)  -> (artifact id: '4ce81b8590b861a57db2e44b9fbb21bd') in 0.004888 seconds
  Import took 0.056532 seconds .

========================================================================
Received Prepare
Registering precompiled user dll's ...
Registered in 0.000490 seconds.
Begin MonoManager ReloadAssembly
Native extension for WindowsStandalone target not found
Native extension for WebGL target not found
Refreshing native plugins compatible for Editor in 0.20 ms, found 0 plugins.
Preloading 0 native plugins for Editor in 0.00 ms.
Invoked RoslynAnalysisRunner static constructor.
RoslynAnalysisRunner will not be running.
RoslynAnalysisRunner has terminated.
Mono: successfully reloaded assembly
- Completed reload, in  0.818 seconds
Platform modules already initialized, skipping
Refreshing native plugins compatible for Editor in 0.19 ms, found 0 plugins.
Preloading 0 native plugins for Editor in 0.00 ms.
Unloading 1125 Unused Serialized files (Serialized files now loaded: 0)
System memory in use before: 57.6 MB.
System memory in use after: 57.7 MB.

Unloading 5 unused Assets to reduce memory usage. Loaded Objects now: 1576.
Total: 1.701700 ms (FindLiveObjects: 0.123100 ms CreateObjectMapping: 0.029300 ms MarkObjects: 1.472400 ms  DeleteObjects: 0.075900 ms)

========================================================================
Received Import Request.
  Time since last request: 15068.899698 seconds.
  path: Assets/Scripts/Enemy/AmbushState.cs
  artifactKey: Guid(7702f86937bd0f443bb22d6dad28dd7f) Importer(815301076,1909f56bfc062723c751e8b465ee728b)
Start importing Assets/Scripts/Enemy/AmbushState.cs using Guid(7702f86937bd0f443bb22d6dad28dd7f) Importer(815301076,1909f56bfc062723c751e8b465ee728b)  -> (artifact id: 'c852168762e003b26fea95cfa0ab1f74') in 0.003108 seconds
  Import took 0.009182 seconds .

========================================================================
Received Prepare
Registering precompiled user dll's ...
Registered in 0.000427 seconds.
Begin MonoManager ReloadAssembly
Native extension for WindowsStandalone target not found
Native extension for WebGL target not found
Refreshing native plugins compatible for Editor in 0.20 ms, found 0 plugins.
Preloading 0 native plugins for Editor in 0.00 ms.
Invoked RoslynAnalysisRunner static constructor.
RoslynAnalysisRunner will not be running.
RoslynAnalysisRunner has terminated.
Mono: successfully reloaded assembly
- Completed reload, in  0.711 seconds
Platform modules already initialized, skipping
Refreshing native plugins compatible for Editor in 0.18 ms, found 0 plugins.
Preloading 0 native plugins for Editor in 0.00 ms.
Unloading 1125 Unused Serialized files (Serialized files now loaded: 0)
System memory in use before: 57.6 MB.
System memory in use after: 57.7 MB.

Unloading 5 unused Assets to reduce memory usage. Loaded Objects now: 1579.
Total: 1.419400 ms (FindLiveObjects: 0.126100 ms CreateObjectMapping: 0.037200 ms MarkObjects: 1.213500 ms  DeleteObjects: 0.041500 ms)

========================================================================
Received Import Request.
  Time since last request: 306.225101 seconds.
  path: Assets/EnemyManager.cs
  artifactKey: Guid(8f029798942bf79498c53adfe9a50f33) Importer(815301076,1909f56bfc062723c751e8b465ee728b)
Start importing Assets/EnemyManager.cs using Guid(8f029798942bf79498c53adfe9a50f33) Importer(815301076,1909f56bfc062723c751e8b465ee728b)  -> (artifact id: '32eaf047db14f6a744c91e86e3f86c73') in 0.002816 seconds
  Import took 0.021448 seconds .

========================================================================
Received Import Request.
  Time since last request: 0.009260 seconds.
  path: Assets/EnemyManager.cs
  artifactKey: Guid(8f029798942bf79498c53adfe9a50f33) Importer(815301076,1909f56bfc062723c751e8b465ee728b)
Start importing Assets/EnemyManager.cs using Guid(8f029798942bf79498c53adfe9a50f33) Importer(815301076,1909f56bfc062723c751e8b465ee728b)  -> (artifact id: '32eaf047db14f6a744c91e86e3f86c73') in 0.001163 seconds
  Import took 0.002804 seconds .

========================================================================
Received Prepare
Registering precompiled user dll's ...
Registered in 0.000687 seconds.
Begin MonoManager ReloadAssembly
Native extension for WindowsStandalone target not found
Native extension for WebGL target not found
Refreshing native plugins compatible for Editor in 0.19 ms, found 0 plugins.
Preloading 0 native plugins for Editor in 0.00 ms.
Invoked RoslynAnalysisRunner static constructor.
RoslynAnalysisRunner will not be running.
RoslynAnalysisRunner has terminated.
Mono: successfully reloaded assembly
- Completed reload, in  0.692 seconds
Platform modules already initialized, skipping
Refreshing native plugins compatible for Editor in 0.18 ms, found 0 plugins.
Preloading 0 native plugins for Editor in 0.00 ms.
Unloading 1125 Unused Serialized files (Serialized files now loaded: 0)
System memory in use before: 57.6 MB.
System memory in use after: 57.7 MB.

Unloading 5 unused Assets to reduce memory usage. Loaded Objects now: 1582.
Total: 1.563800 ms (FindLiveObjects: 0.119700 ms CreateObjectMapping: 0.033500 ms MarkObjects: 1.367500 ms  DeleteObjects: 0.042200 ms)

========================================================================
Received Import Request.
  Time since last request: 221.084118 seconds.
  path: Assets/EnemyManager.cs
  artifactKey: Guid(8f029798942bf79498c53adfe9a50f33) Importer(815301076,1909f56bfc062723c751e8b465ee728b)
Start importing Assets/EnemyManager.cs using Guid(8f029798942bf79498c53adfe9a50f33) Importer(815301076,1909f56bfc062723c751e8b465ee728b)  -> (artifact id: '9e4442901465940b7ba99cf30803fda6') in 0.002786 seconds
  Import took 0.004442 seconds .

========================================================================
Received Prepare
Registering precompiled user dll's ...
Registered in 0.000443 seconds.
Begin MonoManager ReloadAssembly
Native extension for WindowsStandalone target not found
Native extension for WebGL target not found
Refreshing native plugins compatible for Editor in 0.20 ms, found 0 plugins.
Preloading 0 native plugins for Editor in 0.00 ms.
Invoked RoslynAnalysisRunner static constructor.
RoslynAnalysisRunner will not be running.
RoslynAnalysisRunner has terminated.
Mono: successfully reloaded assembly
- Completed reload, in  0.747 seconds
Platform modules already initialized, skipping
Refreshing native plugins compatible for Editor in 0.18 ms, found 0 plugins.
Preloading 0 native plugins for Editor in 0.00 ms.
Unloading 1125 Unused Serialized files (Serialized files now loaded: 0)
System memory in use before: 57.6 MB.
System memory in use after: 57.7 MB.

Unloading 5 unused Assets to reduce memory usage. Loaded Objects now: 1585.
Total: 2.154500 ms (FindLiveObjects: 0.231000 ms CreateObjectMapping: 0.079900 ms MarkObjects: 1.788800 ms  DeleteObjects: 0.053300 ms)

========================================================================
Received Import Request.
  Time since last request: 2707.648940 seconds.
  path: ProjectSettings/TagManager.asset
  artifactKey: Guid(00000000000000003000000000000000) Importer(815301076,1909f56bfc062723c751e8b465ee728b)
Start importing ProjectSettings/TagManager.asset using Guid(00000000000000003000000000000000) Importer(815301076,1909f56bfc062723c751e8b465ee728b)  -> (artifact id: '1779c21387148fb84f9f4bbf79c66b2d') in 0.017076 seconds
  Import took 0.027675 seconds .

========================================================================
Received Import Request.
  Time since last request: 0.001246 seconds.
  path: ProjectSettings/TagManager.asset
  artifactKey: Guid(00000000000000003000000000000000) Importer(815301076,1909f56bfc062723c751e8b465ee728b)
Start importing ProjectSettings/TagManager.asset using Guid(00000000000000003000000000000000) Importer(815301076,1909f56bfc062723c751e8b465ee728b)  -> (artifact id: '1779c21387148fb84f9f4bbf79c66b2d') in 0.001601 seconds
  Import took 0.003184 seconds .

========================================================================
Received Prepare
Registering precompiled user dll's ...
Registered in 0.000446 seconds.
Begin MonoManager ReloadAssembly
Native extension for WindowsStandalone target not found
Native extension for WebGL target not found
Refreshing native plugins compatible for Editor in 0.18 ms, found 0 plugins.
Preloading 0 native plugins for Editor in 0.00 ms.
Invoked RoslynAnalysisRunner static constructor.
RoslynAnalysisRunner will not be running.
RoslynAnalysisRunner has terminated.
Mono: successfully reloaded assembly
- Completed reload, in  0.727 seconds
Platform modules already initialized, skipping
Refreshing native plugins compatible for Editor in 0.19 ms, found 0 plugins.
Preloading 0 native plugins for Editor in 0.00 ms.
Unloading 1125 Unused Serialized files (Serialized files now loaded: 0)
System memory in use before: 57.7 MB.
System memory in use after: 57.7 MB.

Unloading 7 unused Assets to reduce memory usage. Loaded Objects now: 1588.
Total: 1.619600 ms (FindLiveObjects: 0.116500 ms CreateObjectMapping: 0.031000 ms MarkObjects: 1.402400 ms  DeleteObjects: 0.068800 ms)

========================================================================
Received Prepare
Registering precompiled user dll's ...
Registered in 0.000487 seconds.
Begin MonoManager ReloadAssembly
Native extension for WindowsStandalone target not found
Native extension for WebGL target not found
Refreshing native plugins compatible for Editor in 0.21 ms, found 0 plugins.
Preloading 0 native plugins for Editor in 0.00 ms.
Invoked RoslynAnalysisRunner static constructor.
RoslynAnalysisRunner will not be running.
RoslynAnalysisRunner has terminated.
Mono: successfully reloaded assembly
- Completed reload, in  0.666 seconds
Platform modules already initialized, skipping
Refreshing native plugins compatible for Editor in 0.29 ms, found 0 plugins.
Preloading 0 native plugins for Editor in 0.00 ms.
Unloading 1125 Unused Serialized files (Serialized files now loaded: 0)
System memory in use before: 57.7 MB.
System memory in use after: 57.7 MB.

Unloading 5 unused Assets to reduce memory usage. Loaded Objects now: 1591.
Total: 1.656200 ms (FindLiveObjects: 0.137800 ms CreateObjectMapping: 0.039700 ms MarkObjects: 1.429600 ms  DeleteObjects: 0.047600 ms)

========================================================================
Received Prepare
Registering precompiled user dll's ...
Registered in 0.000509 seconds.
Begin MonoManager ReloadAssembly
Native extension for WindowsStandalone target not found
Native extension for WebGL target not found
Refreshing native plugins compatible for Editor in 0.49 ms, found 0 plugins.
Preloading 0 native plugins for Editor in 0.00 ms.
Invoked RoslynAnalysisRunner static constructor.
RoslynAnalysisRunner will not be running.
RoslynAnalysisRunner has terminated.
Mono: successfully reloaded assembly
- Completed reload, in  1.105 seconds
Platform modules already initialized, skipping
Refreshing native plugins compatible for Editor in 0.20 ms, found 0 plugins.
Preloading 0 native plugins for Editor in 0.00 ms.
Unloading 1126 Unused Serialized files (Serialized files now loaded: 0)
System memory in use before: 57.7 MB.
System memory in use after: 57.8 MB.

Unloading 5 unused Assets to reduce memory usage. Loaded Objects now: 1595.
Total: 1.640400 ms (FindLiveObjects: 0.226600 ms CreateObjectMapping: 0.092600 ms MarkObjects: 1.274400 ms  DeleteObjects: 0.045300 ms)

========================================================================
Received Prepare
Registering precompiled user dll's ...
Registered in 0.000407 seconds.
Begin MonoManager ReloadAssembly
Native extension for WindowsStandalone target not found
Native extension for WebGL target not found
Refreshing native plugins compatible for Editor in 0.18 ms, found 0 plugins.
Preloading 0 native plugins for Editor in 0.00 ms.
Invoked RoslynAnalysisRunner static constructor.
RoslynAnalysisRunner will not be running.
RoslynAnalysisRunner has terminated.
Mono: successfully reloaded assembly
- Completed reload, in  0.687 seconds
Platform modules already initialized, skipping
Refreshing native plugins compatible for Editor in 0.21 ms, found 0 plugins.
Preloading 0 native plugins for Editor in 0.00 ms.
Unloading 1127 Unused Serialized files (Serialized files now loaded: 0)
System memory in use before: 57.7 MB.
System memory in use after: 57.8 MB.

Unloading 5 unused Assets to reduce memory usage. Loaded Objects now: 1599.
Total: 1.622300 ms (FindLiveObjects: 0.186200 ms CreateObjectMapping: 0.072800 ms MarkObjects: 1.311500 ms  DeleteObjects: 0.050700 ms)

========================================================================
Received Import Request.
  Time since last request: 4318.000047 seconds.
  path: Assets/EnemyWeaponSlotManager.cs
  artifactKey: Guid(f2ebd085fc0e90140bd36c7c86cc3ab8) Importer(815301076,1909f56bfc062723c751e8b465ee728b)
Start importing Assets/EnemyWeaponSlotManager.cs using Guid(f2ebd085fc0e90140bd36c7c86cc3ab8) Importer(815301076,1909f56bfc062723c751e8b465ee728b)  -> (artifact id: '7d0d6d69aa55e94fc295f8193fa47f3e') in 0.003059 seconds
  Import took 0.010668 seconds .

========================================================================
Received Import Request.
  Time since last request: 1.022219 seconds.
  path: Assets/EnemyWeaponManager.cs
  artifactKey: Guid(2f511d533708f9e4eb4c14ceb15a2690) Importer(815301076,1909f56bfc062723c751e8b465ee728b)
Start importing Assets/EnemyWeaponManager.cs using Guid(2f511d533708f9e4eb4c14ceb15a2690) Importer(815301076,1909f56bfc062723c751e8b465ee728b)  -> (artifact id: '6cc953967170ec4b3bbb4784703ee3d3') in 0.001252 seconds
  Import took 0.007483 seconds .

========================================================================
Received Prepare
Registering precompiled user dll's ...
Registered in 0.000429 seconds.
Begin MonoManager ReloadAssembly
Native extension for WindowsStandalone target not found
Native extension for WebGL target not found
Refreshing native plugins compatible for Editor in 0.29 ms, found 0 plugins.
Preloading 0 native plugins for Editor in 0.00 ms.
Invoked RoslynAnalysisRunner static constructor.
RoslynAnalysisRunner will not be running.
RoslynAnalysisRunner has terminated.
Mono: successfully reloaded assembly
- Completed reload, in  0.699 seconds
Platform modules already initialized, skipping
Refreshing native plugins compatible for Editor in 0.18 ms, found 0 plugins.
Preloading 0 native plugins for Editor in 0.00 ms.
Unloading 1126 Unused Serialized files (Serialized files now loaded: 0)
System memory in use before: 57.7 MB.
System memory in use after: 57.8 MB.

Unloading 6 unused Assets to reduce memory usage. Loaded Objects now: 1601.
Total: 1.707600 ms (FindLiveObjects: 0.115200 ms CreateObjectMapping: 0.032900 ms MarkObjects: 1.510000 ms  DeleteObjects: 0.048300 ms)

========================================================================
Received Import Request.
  Time since last request: 162.978578 seconds.
  path: Assets/EnemyWeaponSlotManager.cs
  artifactKey: Guid(f2ebd085fc0e90140bd36c7c86cc3ab8) Importer(815301076,1909f56bfc062723c751e8b465ee728b)
Start importing Assets/EnemyWeaponSlotManager.cs using Guid(f2ebd085fc0e90140bd36c7c86cc3ab8) Importer(815301076,1909f56bfc062723c751e8b465ee728b)  -> (artifact id: 'd1a0ae63b8bdc2e596ad7a35d8be4cb8') in 0.004700 seconds
  Import took 0.009006 seconds .

========================================================================
Received Import Request.
  Time since last request: 39.752782 seconds.
  path: Assets/EnemyWeaponSlotManager.cs
  artifactKey: Guid(f2ebd085fc0e90140bd36c7c86cc3ab8) Importer(815301076,1909f56bfc062723c751e8b465ee728b)
Start importing Assets/EnemyWeaponSlotManager.cs using Guid(f2ebd085fc0e90140bd36c7c86cc3ab8) Importer(815301076,1909f56bfc062723c751e8b465ee728b)  -> (artifact id: '1f0354cdb2f443fd3187cc429ed43b46') in 0.001408 seconds
  Import took 0.003824 seconds .

========================================================================
Received Import Request.
  Time since last request: 578.294192 seconds.
  path: Assets/WeaponItem.cs
  artifactKey: Guid(c0b513edacadd284ab29ace164f81839) Importer(815301076,1909f56bfc062723c751e8b465ee728b)
Start importing Assets/WeaponItem.cs using Guid(c0b513edacadd284ab29ace164f81839) Importer(815301076,1909f56bfc062723c751e8b465ee728b)  -> (artifact id: '764ec82f84c78bfd61df1f41f18084d7') in 0.002306 seconds
  Import took 0.006742 seconds .

========================================================================
Received Import Request.
  Time since last request: 0.025789 seconds.
  path: Assets/WeaponItem.cs
  artifactKey: Guid(c0b513edacadd284ab29ace164f81839) Importer(815301076,1909f56bfc062723c751e8b465ee728b)
Start importing Assets/WeaponItem.cs using Guid(c0b513edacadd284ab29ace164f81839) Importer(815301076,1909f56bfc062723c751e8b465ee728b)  -> (artifact id: '764ec82f84c78bfd61df1f41f18084d7') in 0.001273 seconds
  Import took 0.003051 seconds .

========================================================================
Received Import Request.
  Time since last request: 3.802637 seconds.
  path: Assets/WeaponInventorySlot.cs
  artifactKey: Guid(d6d862bab2da39040a8991c049d409af) Importer(815301076,1909f56bfc062723c751e8b465ee728b)
Start importing Assets/WeaponInventorySlot.cs using Guid(d6d862bab2da39040a8991c049d409af) Importer(815301076,1909f56bfc062723c751e8b465ee728b)  -> (artifact id: 'ddd9e9497194b6b1668aeeef91d70b26') in 0.001342 seconds
  Import took 0.010067 seconds .

========================================================================
Received Import Request.
  Time since last request: 3.428692 seconds.
  path: Assets/Item.cs
  artifactKey: Guid(f36d5adae0d287446b352f8450b0c605) Importer(815301076,1909f56bfc062723c751e8b465ee728b)
Start importing Assets/Item.cs using Guid(f36d5adae0d287446b352f8450b0c605) Importer(815301076,1909f56bfc062723c751e8b465ee728b)  -> (artifact id: '8a3a317162c14c3c4d0cd773485bb319') in 0.001281 seconds
  Import took 0.005372 seconds .

========================================================================
Received Import Request.
  Time since last request: 0.870499 seconds.
  path: Assets/EnemyWeaponSlotManager.cs
  artifactKey: Guid(f2ebd085fc0e90140bd36c7c86cc3ab8) Importer(815301076,1909f56bfc062723c751e8b465ee728b)
Start importing Assets/EnemyWeaponSlotManager.cs using Guid(f2ebd085fc0e90140bd36c7c86cc3ab8) Importer(815301076,1909f56bfc062723c751e8b465ee728b)  -> (artifact id: 'f0a660bdc874cc1749b4dd68af61e5bb') in 0.001257 seconds
  Import took 0.002862 seconds .

========================================================================
Received Import Request.
  Time since last request: 0.001459 seconds.
  path: Assets/EnemyWeaponSlotManager.cs
  artifactKey: Guid(f2ebd085fc0e90140bd36c7c86cc3ab8) Importer(815301076,1909f56bfc062723c751e8b465ee728b)
Start importing Assets/EnemyWeaponSlotManager.cs using Guid(f2ebd085fc0e90140bd36c7c86cc3ab8) Importer(815301076,1909f56bfc062723c751e8b465ee728b)  -> (artifact id: 'f0a660bdc874cc1749b4dd68af61e5bb') in 0.001414 seconds
  Import took 0.002971 seconds .

========================================================================
Received Import Request.
  Time since last request: 62.038110 seconds.
  path: Assets/WeaponSlotManager.cs
  artifactKey: Guid(01bca4411a4713742a406f201c6739f8) Importer(815301076,1909f56bfc062723c751e8b465ee728b)
Start importing Assets/WeaponSlotManager.cs using Guid(01bca4411a4713742a406f201c6739f8) Importer(815301076,1909f56bfc062723c751e8b465ee728b)  -> (artifact id: '49438be6f0a5b3aa14cb13e9b18d03fa') in 0.001268 seconds
  Import took 0.006068 seconds .

========================================================================
Received Import Request.
  Time since last request: 201.906158 seconds.
  path: Assets/WeaponSlotManager.cs
  artifactKey: Guid(01bca4411a4713742a406f201c6739f8) Importer(815301076,1909f56bfc062723c751e8b465ee728b)
Start importing Assets/WeaponSlotManager.cs using Guid(01bca4411a4713742a406f201c6739f8) Importer(815301076,1909f56bfc062723c751e8b465ee728b)  -> (artifact id: '16c178134cdc258f2596e1d5970ea111') in 0.001432 seconds
  Import took 0.003684 seconds .

========================================================================
Received Import Request.
  Time since last request: 40.988491 seconds.
  path: Assets/PlayerManager.cs
  artifactKey: Guid(f71ce6bb155a96b4b8b04137b36f0837) Importer(815301076,1909f56bfc062723c751e8b465ee728b)
Start importing Assets/PlayerManager.cs using Guid(f71ce6bb155a96b4b8b04137b36f0837) Importer(815301076,1909f56bfc062723c751e8b465ee728b)  -> (artifact id: '75d155d4477be831e75b8c3d61286099') in 0.001498 seconds
  Import took 0.003077 seconds .

========================================================================
Received Import Request.
  Time since last request: 0.002611 seconds.
  path: Assets/PlayerManager.cs
  artifactKey: Guid(f71ce6bb155a96b4b8b04137b36f0837) Importer(815301076,1909f56bfc062723c751e8b465ee728b)
Start importing Assets/PlayerManager.cs using Guid(f71ce6bb155a96b4b8b04137b36f0837) Importer(815301076,1909f56bfc062723c751e8b465ee728b)  -> (artifact id: '75d155d4477be831e75b8c3d61286099') in 0.001302 seconds
  Import took 0.003031 seconds .

========================================================================
Received Import Request.
  Time since last request: 678.262733 seconds.
  path: Assets/PlayerManager.cs
  artifactKey: Guid(f71ce6bb155a96b4b8b04137b36f0837) Importer(815301076,1909f56bfc062723c751e8b465ee728b)
Start importing Assets/PlayerManager.cs using Guid(f71ce6bb155a96b4b8b04137b36f0837) Importer(815301076,1909f56bfc062723c751e8b465ee728b)  -> (artifact id: '90c255c974828df40449d4dcf344d68e') in 0.001503 seconds
  Import took 0.005995 seconds .

========================================================================
Received Import Request.
  Time since last request: 35.032402 seconds.
  path: Assets/WeaponHolderSlot.cs
  artifactKey: Guid(f4734974a253f624d9082058fe4d9347) Importer(815301076,1909f56bfc062723c751e8b465ee728b)
Start importing Assets/WeaponHolderSlot.cs using Guid(f4734974a253f624d9082058fe4d9347) Importer(815301076,1909f56bfc062723c751e8b465ee728b)  -> (artifact id: 'd2677527ccf4b71a32052c4851d511f9') in 0.001304 seconds
  Import took 0.010031 seconds .

========================================================================
Received Import Request.
  Time since last request: 603.423543 seconds.
  path: Assets/EnemyLocalMotionManager.cs
  artifactKey: Guid(62fdd3a338115704d9ae546c9217aa8c) Importer(815301076,1909f56bfc062723c751e8b465ee728b)
Start importing Assets/EnemyLocalMotionManager.cs using Guid(62fdd3a338115704d9ae546c9217aa8c) Importer(815301076,1909f56bfc062723c751e8b465ee728b)  -> (artifact id: 'd69a2a06e94f0895decb2d76a1747db8') in 0.001456 seconds
  Import took 0.003360 seconds .

========================================================================
Received Import Request.
  Time since last request: 234.691034 seconds.
  path: Assets/EnemyLocalMotionManager.cs
  artifactKey: Guid(62fdd3a338115704d9ae546c9217aa8c) Importer(815301076,1909f56bfc062723c751e8b465ee728b)
Start importing Assets/EnemyLocalMotionManager.cs using Guid(62fdd3a338115704d9ae546c9217aa8c) Importer(815301076,1909f56bfc062723c751e8b465ee728b)  -> (artifact id: '4c35f57d0362603b878193f583274972') in 0.001513 seconds
  Import took 0.006851 seconds .

========================================================================
Received Import Request.
  Time since last request: 809.989687 seconds.
  path: Assets/WeaponSlotManager.cs
  artifactKey: Guid(01bca4411a4713742a406f201c6739f8) Importer(815301076,1909f56bfc062723c751e8b465ee728b)
Start importing Assets/WeaponSlotManager.cs using Guid(01bca4411a4713742a406f201c6739f8) Importer(815301076,1909f56bfc062723c751e8b465ee728b)  -> (artifact id: '1a01f6db146f168ad8ba07456635e905') in 0.001336 seconds
  Import took 0.008116 seconds .

========================================================================
Received Import Request.
  Time since last request: 2.792115 seconds.
  path: Assets/EnemyManager.cs
  artifactKey: Guid(8f029798942bf79498c53adfe9a50f33) Importer(815301076,1909f56bfc062723c751e8b465ee728b)
Start importing Assets/EnemyManager.cs using Guid(8f029798942bf79498c53adfe9a50f33) Importer(815301076,1909f56bfc062723c751e8b465ee728b)  -> (artifact id: '52f1d0be185322cb35e30dce57dfc5b4') in 0.001247 seconds
  Import took 0.012460 seconds .

AssetImportWorkerClient::OnTransportError - code=2 error=End of file
