Using pre-set license
Built from '2020.3/release' branch; Version is '2020.3.2f1 (8fd9074bf66c) revision 9427207'; Using compiler version '192528614'; Build Type 'Release'
OS: 'Windows 10 Home; OS build 19042.985; Version 2009; 64bit' Language: 'ru' Physical Memory: 16304 MB
BatchMode: 1, IsHumanControllingUs: 0, StartBugReporterOnCrash: 0, Is64bit: 1, IsPro: 0

 COMMAND LINE ARGUMENTS:
C:\Program Files\Unity\Hub\Editor\2020.3.2f1\Editor\Unity.exe
-adb2
-batchMode
-noUpm
-name
AssetImportWorker0
-projectPath
C:/Users/User/Desktop/Unity proj/Recreated_AI
-logFile
Logs/AssetImportWorker0.log
-srvPort
60244
Successfully changed project path to: C:/Users/User/Desktop/Unity proj/Recreated_AI
C:/Users/User/Desktop/Unity proj/Recreated_AI
Using Asset Import Pipeline V2.
Refreshing native plugins compatible for Editor in 24.02 ms, found 0 plugins.
Preloading 0 native plugins for Editor in 0.00 ms.
Initialize engine version: 2020.3.2f1 (8fd9074bf66c)
[Subsystems] Discovering subsystems at path C:/Program Files/Unity/Hub/Editor/2020.3.2f1/Editor/Data/Resources/UnitySubsystems
[Subsystems] Discovering subsystems at path C:/Users/User/Desktop/Unity proj/Recreated_AI/Assets
GfxDevice: creating device client; threaded=0
Direct3D:
    Version:  Direct3D 11.0 [level 11.1]
    Renderer: NVIDIA GeForce GTX 1650 (ID=0x1f91)
    Vendor:   
    VRAM:     3962 MB
    Driver:   27.21.14.5206
Initialize mono
Mono path[0] = 'C:/Program Files/Unity/Hub/Editor/2020.3.2f1/Editor/Data/Managed'
Mono path[1] = 'C:/Program Files/Unity/Hub/Editor/2020.3.2f1/Editor/Data/MonoBleedingEdge/lib/mono/unityjit'
Mono config path = 'C:/Program Files/Unity/Hub/Editor/2020.3.2f1/Editor/Data/MonoBleedingEdge/etc'
Using monoOptions --debugger-agent=transport=dt_socket,embedding=1,server=y,suspend=n,address=127.0.0.1:56280
Begin MonoManager ReloadAssembly
Registering precompiled unity dll's ...
Register platform support module: C:/Program Files/Unity/Hub/Editor/2020.3.2f1/Editor/Data/PlaybackEngines/WebGLSupport/UnityEditor.WebGL.Extensions.dll
Register platform support module: C:/Program Files/Unity/Hub/Editor/2020.3.2f1/Editor/Data/PlaybackEngines/WindowsStandaloneSupport/UnityEditor.WindowsStandalone.Extensions.dll
Registered in 0.001474 seconds.
Native extension for WindowsStandalone target not found
Native extension for WebGL target not found
Refreshing native plugins compatible for Editor in 22.01 ms, found 0 plugins.
Preloading 0 native plugins for Editor in 0.00 ms.
Invoked RoslynAnalysisRunner static constructor.
RoslynAnalysisRunner will not be running.
RoslynAnalysisRunner has terminated.
Mono: successfully reloaded assembly
- Completed reload, in  0.993 seconds
Platform modules already initialized, skipping
Registering precompiled user dll's ...
Registered in 0.000493 seconds.
Begin MonoManager ReloadAssembly
Native extension for WindowsStandalone target not found
Native extension for WebGL target not found
Refreshing native plugins compatible for Editor in 0.19 ms, found 0 plugins.
Preloading 0 native plugins for Editor in 0.00 ms.
Invoked RoslynAnalysisRunner static constructor.
RoslynAnalysisRunner will not be running.
RoslynAnalysisRunner has terminated.
Mono: successfully reloaded assembly
- Completed reload, in  0.738 seconds
Platform modules already initialized, skipping
========================================================================
Worker process is ready to serve import requests
Launched and connected shader compiler UnityShaderCompiler.exe after 0.04 seconds
Refreshing native plugins compatible for Editor in 0.19 ms, found 0 plugins.
Preloading 0 native plugins for Editor in 0.00 ms.
Unloading 1129 Unused Serialized files (Serialized files now loaded: 0)
System memory in use before: 57.6 MB.
System memory in use after: 57.6 MB.

Unloading 10 unused Assets to reduce memory usage. Loaded Objects now: 1572.
Total: 1.690400 ms (FindLiveObjects: 0.163400 ms CreateObjectMapping: 0.076000 ms MarkObjects: 1.378800 ms  DeleteObjects: 0.070600 ms)

========================================================================
Received Import Request.
  path: Assets/Scripts/Enemy/PursueState.cs
  artifactKey: Guid(35951204dea77f14b96f8d3c05891e16) Importer(815301076,1909f56bfc062723c751e8b465ee728b)
Start importing Assets/Scripts/Enemy/PursueState.cs using Guid(35951204dea77f14b96f8d3c05891e16) Importer(815301076,1909f56bfc062723c751e8b465ee728b)  -> (artifact id: '3d5ebc115842edc4fa39b333da9a9bd9') in 0.017517 seconds
  Import took 0.020332 seconds .

========================================================================
Received Prepare
Registering precompiled user dll's ...
Registered in 0.000493 seconds.
Begin MonoManager ReloadAssembly
Native extension for WindowsStandalone target not found
Native extension for WebGL target not found
Refreshing native plugins compatible for Editor in 0.19 ms, found 0 plugins.
Preloading 0 native plugins for Editor in 0.00 ms.
Invoked RoslynAnalysisRunner static constructor.
RoslynAnalysisRunner will not be running.
RoslynAnalysisRunner has terminated.
Mono: successfully reloaded assembly
- Completed reload, in  0.741 seconds
Platform modules already initialized, skipping
Refreshing native plugins compatible for Editor in 0.19 ms, found 0 plugins.
Preloading 0 native plugins for Editor in 0.00 ms.
Unloading 1124 Unused Serialized files (Serialized files now loaded: 0)
System memory in use before: 57.5 MB.
System memory in use after: 57.6 MB.

Unloading 5 unused Assets to reduce memory usage. Loaded Objects now: 1575.
Total: 1.521200 ms (FindLiveObjects: 0.108200 ms CreateObjectMapping: 0.025400 ms MarkObjects: 1.340800 ms  DeleteObjects: 0.045700 ms)

========================================================================
Received Import Request.
  Time since last request: 476.650067 seconds.
  path: Assets/Models/Skeleton - Animated and Low Polygon/SwingHeavy.anim
  artifactKey: Guid(cf9bd487fa91dee4a8402e07d94e81b0) Importer(815301076,1909f56bfc062723c751e8b465ee728b)
Start importing Assets/Models/Skeleton - Animated and Low Polygon/SwingHeavy.anim using Guid(cf9bd487fa91dee4a8402e07d94e81b0) Importer(815301076,1909f56bfc062723c751e8b465ee728b)  -> (artifact id: '59a75eeb6903cd5272bbb10d75e1214e') in 0.018990 seconds
  Import took 0.027730 seconds .

========================================================================
Received Import Request.
  Time since last request: 0.000650 seconds.
  path: Assets/Models/Skeleton - Animated and Low Polygon/SwingHeavy.anim
  artifactKey: Guid(cf9bd487fa91dee4a8402e07d94e81b0) Importer(815301076,1909f56bfc062723c751e8b465ee728b)
Start importing Assets/Models/Skeleton - Animated and Low Polygon/SwingHeavy.anim using Guid(cf9bd487fa91dee4a8402e07d94e81b0) Importer(815301076,1909f56bfc062723c751e8b465ee728b)  -> (artifact id: '59a75eeb6903cd5272bbb10d75e1214e') in 0.010679 seconds
  Import took 0.012694 seconds .

========================================================================
Received Import Request.
  Time since last request: 2.856819 seconds.
  path: Assets/Models/Skeleton - Animated and Low Polygon/SwingNormal.anim
  artifactKey: Guid(fca3c581ee5a97e4b849e3bb93d55ead) Importer(815301076,1909f56bfc062723c751e8b465ee728b)
Start importing Assets/Models/Skeleton - Animated and Low Polygon/SwingNormal.anim using Guid(fca3c581ee5a97e4b849e3bb93d55ead) Importer(815301076,1909f56bfc062723c751e8b465ee728b)  -> (artifact id: '9e5a08eb165d3585379c3e3a5c17da0b') in 0.012429 seconds
  Import took 0.021652 seconds .

========================================================================
Received Prepare
Registering precompiled user dll's ...
Registered in 0.000471 seconds.
Begin MonoManager ReloadAssembly
Native extension for WindowsStandalone target not found
Native extension for WebGL target not found
Refreshing native plugins compatible for Editor in 0.19 ms, found 0 plugins.
Preloading 0 native plugins for Editor in 0.00 ms.
Invoked RoslynAnalysisRunner static constructor.
RoslynAnalysisRunner will not be running.
RoslynAnalysisRunner has terminated.
Mono: successfully reloaded assembly
- Completed reload, in  0.681 seconds
Platform modules already initialized, skipping
Refreshing native plugins compatible for Editor in 0.18 ms, found 0 plugins.
Preloading 0 native plugins for Editor in 0.00 ms.
Unloading 1124 Unused Serialized files (Serialized files now loaded: 0)
System memory in use before: 57.5 MB.
System memory in use after: 57.6 MB.

Unloading 5 unused Assets to reduce memory usage. Loaded Objects now: 1578.
Total: 1.805700 ms (FindLiveObjects: 0.272600 ms CreateObjectMapping: 0.055200 ms MarkObjects: 1.429100 ms  DeleteObjects: 0.047900 ms)

AssetImportWorkerClient::OnTransportError - code=2 error=End of file
